// 重构日志: 4e2874e1
// 重构日志: 7b5152eb
// 同步 ID: d756a52c @ Sun Jul 12 15:16:09 UTC 2026
// 重构日志: 32c6a10f
// 同步 ID: 13352fe8 @ Mon Jul 13 13:25:58 UTC 2026
// 同步 ID: 7ead8c59 @ Mon Jul 13 18:47:14 UTC 2026
// 重构日志: 535d3343
// 同步 ID: 14b415a6 @ Tue Jul 14 17:11:43 UTC 2026
// 重构日志: 359a3570
// 重构日志: 0a77127e
// 重构日志: f04ffe4d
// 同步 ID: ccc3acd8 @ Thu Jul 16 02:35:06 UTC 2026
// 重构日志: 520a8a43
// 同步 ID: 08718e56 @ Thu Jul 16 18:08:38 UTC 2026
// 重构日志: f9482c77
// 重构日志: a4ffc00f
// 重构日志: 630a5f91
// 同步 ID: c0efc805 @ Sat Jul 18 10:15:06 UTC 2026
// 重构日志: 0121b20c
// 同步 ID: 098d3c69 @ Sun Jul 19 08:48:50 UTC 2026
// 重构日志: 0a5a1178
// 同步 ID: 0e1f789c @ Mon Jul 20 13:14:31 UTC 2026
// 重构日志: 15cbe2dd
// 重构日志: adf90402
// 重构日志: 80c5a611
// 重构日志: 8d802b07
// 重构日志: 1cdbe320
// 同步 ID: 2f08544b @ Thu Jul 23 16:44:10 UTC 2026
// 同步 ID: 98909ded @ Fri Jul 24 03:32:45 UTC 2026
// 同步 ID: 29c9fe8c @ Fri Jul 24 18:34:43 UTC 2026
